2025-07-24 15:04:04.033 [main]  INFO  c.e.d.DemoServiceApplication - Starting DemoServiceApplication using Java 1.8.0_391 on wuka-pc with PID 24060 (E:\javaWorkspace\boot-modules\demo-service\target\classes started by wuka in E:\javaWorkspace\boot-modules)
2025-07-24 15:04:04.035 [main]  INFO  c.e.d.DemoServiceApplication - No active profile set, falling back to 1 default profile: "default"
2025-07-24 15:04:04.493 [main]  INFO  o.s.cloud.context.scope.GenericScope - BeanFactory id=d3c00189-5178-36dc-8815-1169a59eb7c9
2025-07-24 15:04:04.739 [main]  INFO  o.s.b.w.e.tomcat.TomcatWebServer - Tomcat initialized with port(s): 8082 (http)
2025-07-24 15:04:04.744 [main]  INFO  o.a.catalina.core.StandardService - Starting service [Tomcat]
2025-07-24 15:04:04.745 [main]  INFO  o.a.catalina.core.StandardEngine - Starting Servlet engine: [Apache Tomcat/9.0.82]
2025-07-24 15:04:04.852 [main]  INFO  o.a.c.c.C.[Tomcat].[localhost].[/] - Initializing Spring embedded WebApplicationContext
2025-07-24 15:04:04.852 [main]  INFO  o.s.b.w.s.c.ServletWebServerApplicationContext - Root WebApplicationContext: initialization completed in 792 ms
2025-07-24 15:04:05.139 [main]  INFO  o.s.b.a.w.s.WelcomePageHandlerMapping - Adding welcome page: class path resource [static/index.html]
2025-07-24 15:04:05.398 [main]  WARN  o.s.c.l.c.LoadBalancerCacheAutoConfiguration$LoadBalancerCaffeineWarnLogger - Spring Cloud LoadBalancer is currently working with the default cache. While this cache implementation is useful for development and tests, it's recommended to use Caffeine cache in production.You can switch to using Caffeine cache, by adding it and org.springframework.cache.caffeine.CaffeineCacheManager to the classpath.
2025-07-24 15:04:05.440 [main]  INFO  o.s.b.w.e.tomcat.TomcatWebServer - Tomcat started on port(s): 8082 (http) with context path ''
2025-07-24 15:04:05.627 [main]  INFO  c.e.d.DemoServiceApplication - Started DemoServiceApplication in 2.16 seconds (JVM running for 2.783)
2025-07-24 15:05:00.746 [main]  INFO  c.e.d.DemoServiceApplication - Starting DemoServiceApplication using Java 1.8.0_391 on wuka-pc with PID 19296 (E:\javaWorkspace\boot-modules\demo-service\target\classes started by wuka in E:\javaWorkspace\boot-modules)
2025-07-24 15:05:00.748 [main]  INFO  c.e.d.DemoServiceApplication - No active profile set, falling back to 1 default profile: "default"
2025-07-24 15:05:01.165 [main]  INFO  o.s.cloud.context.scope.GenericScope - BeanFactory id=d3c00189-5178-36dc-8815-1169a59eb7c9
2025-07-24 15:05:01.390 [main]  INFO  o.s.b.w.e.tomcat.TomcatWebServer - Tomcat initialized with port(s): 8082 (http)
2025-07-24 15:05:01.396 [main]  INFO  o.a.catalina.core.StandardService - Starting service [Tomcat]
2025-07-24 15:05:01.397 [main]  INFO  o.a.catalina.core.StandardEngine - Starting Servlet engine: [Apache Tomcat/9.0.82]
2025-07-24 15:05:01.499 [main]  INFO  o.a.c.c.C.[Tomcat].[localhost].[/] - Initializing Spring embedded WebApplicationContext
2025-07-24 15:05:01.500 [main]  INFO  o.s.b.w.s.c.ServletWebServerApplicationContext - Root WebApplicationContext: initialization completed in 727 ms
2025-07-24 15:05:01.784 [main]  INFO  o.s.b.a.w.s.WelcomePageHandlerMapping - Adding welcome page: class path resource [static/index.html]
2025-07-24 15:05:02.048 [main]  WARN  o.s.c.l.c.LoadBalancerCacheAutoConfiguration$LoadBalancerCaffeineWarnLogger - Spring Cloud LoadBalancer is currently working with the default cache. While this cache implementation is useful for development and tests, it's recommended to use Caffeine cache in production.You can switch to using Caffeine cache, by adding it and org.springframework.cache.caffeine.CaffeineCacheManager to the classpath.
2025-07-24 15:05:02.094 [main]  INFO  o.s.b.w.e.tomcat.TomcatWebServer - Tomcat started on port(s): 8082 (http) with context path ''
2025-07-24 15:05:02.281 [main]  INFO  c.e.d.DemoServiceApplication - Started DemoServiceApplication in 2.05 seconds (JVM running for 2.738)
2025-07-24 15:05:37.531 [http-nio-8082-exec-1]  INFO  o.a.c.c.C.[Tomcat].[localhost].[/] - Initializing Spring DispatcherServlet 'dispatcherServlet'
2025-07-24 15:05:37.531 [http-nio-8082-exec-1]  INFO  o.s.web.servlet.DispatcherServlet - Initializing Servlet 'dispatcherServlet'
2025-07-24 15:05:37.532 [http-nio-8082-exec-1]  INFO  o.s.web.servlet.DispatcherServlet - Completed initialization in 1 ms
2025-07-24 16:50:51.288 [main]  INFO  c.e.d.DemoServiceApplication - Starting DemoServiceApplication using Java 1.8.0_391 on wuka-pc with PID 16700 (E:\javaWorkspace\boot-modules\demo-service\target\classes started by wuka in E:\javaWorkspace\boot-modules)
2025-07-24 16:50:51.290 [main]  INFO  c.e.d.DemoServiceApplication - No active profile set, falling back to 1 default profile: "default"
2025-07-24 16:50:51.738 [main]  INFO  o.s.cloud.context.scope.GenericScope - BeanFactory id=d3c00189-5178-36dc-8815-1169a59eb7c9
2025-07-24 16:50:51.987 [main]  INFO  o.s.b.w.e.tomcat.TomcatWebServer - Tomcat initialized with port(s): 8082 (http)
2025-07-24 16:50:51.992 [main]  INFO  o.a.catalina.core.StandardService - Starting service [Tomcat]
2025-07-24 16:50:51.993 [main]  INFO  o.a.catalina.core.StandardEngine - Starting Servlet engine: [Apache Tomcat/9.0.82]
2025-07-24 16:50:52.087 [main]  INFO  o.a.c.c.C.[.[localhost].[/api] - Initializing Spring embedded WebApplicationContext
2025-07-24 16:50:52.088 [main]  INFO  o.s.b.w.s.c.ServletWebServerApplicationContext - Root WebApplicationContext: initialization completed in 747 ms
2025-07-24 16:50:52.374 [main]  INFO  o.s.b.a.w.s.WelcomePageHandlerMapping - Adding welcome page: class path resource [static/index.html]
2025-07-24 16:50:52.664 [main]  WARN  o.s.c.l.c.LoadBalancerCacheAutoConfiguration$LoadBalancerCaffeineWarnLogger - Spring Cloud LoadBalancer is currently working with the default cache. While this cache implementation is useful for development and tests, it's recommended to use Caffeine cache in production.You can switch to using Caffeine cache, by adding it and org.springframework.cache.caffeine.CaffeineCacheManager to the classpath.
2025-07-24 16:50:52.706 [main]  INFO  o.s.b.w.e.tomcat.TomcatWebServer - Tomcat started on port(s): 8082 (http) with context path '/api'
2025-07-24 16:50:52.911 [main]  INFO  c.e.d.DemoServiceApplication - Started DemoServiceApplication in 2.193 seconds (JVM running for 2.965)
2025-07-24 16:50:58.416 [http-nio-8082-exec-1]  INFO  o.a.c.c.C.[.[localhost].[/api] - Initializing Spring DispatcherServlet 'dispatcherServlet'
2025-07-24 16:50:58.416 [http-nio-8082-exec-1]  INFO  o.s.web.servlet.DispatcherServlet - Initializing Servlet 'dispatcherServlet'
2025-07-24 16:50:58.416 [http-nio-8082-exec-1]  INFO  o.s.web.servlet.DispatcherServlet - Completed initialization in 0 ms
2025-07-24 17:11:55.858 [main]  INFO  c.e.d.DemoServiceApplication - Starting DemoServiceApplication using Java 1.8.0_391 on wuka-pc with PID 23800 (E:\javaWorkspace\boot-modules\demo-service\target\classes started by wuka in E:\javaWorkspace\boot-modules)
2025-07-24 17:11:55.860 [main]  INFO  c.e.d.DemoServiceApplication - No active profile set, falling back to 1 default profile: "default"
2025-07-24 17:11:56.291 [main]  INFO  o.s.cloud.context.scope.GenericScope - BeanFactory id=d3c00189-5178-36dc-8815-1169a59eb7c9
2025-07-24 17:11:56.547 [main]  INFO  o.s.b.w.e.tomcat.TomcatWebServer - Tomcat initialized with port(s): 8082 (http)
2025-07-24 17:11:56.562 [main]  INFO  o.a.catalina.core.StandardService - Starting service [Tomcat]
2025-07-24 17:11:56.562 [main]  INFO  o.a.catalina.core.StandardEngine - Starting Servlet engine: [Apache Tomcat/9.0.82]
2025-07-24 17:11:56.660 [main]  INFO  o.a.c.c.C.[Tomcat].[localhost].[/] - Initializing Spring embedded WebApplicationContext
2025-07-24 17:11:56.661 [main]  INFO  o.s.b.w.s.c.ServletWebServerApplicationContext - Root WebApplicationContext: initialization completed in 750 ms
2025-07-24 17:11:56.978 [main]  INFO  o.s.b.a.w.s.WelcomePageHandlerMapping - Adding welcome page: class path resource [static/index.html]
2025-07-24 17:11:57.261 [main]  WARN  o.s.c.l.c.LoadBalancerCacheAutoConfiguration$LoadBalancerCaffeineWarnLogger - Spring Cloud LoadBalancer is currently working with the default cache. While this cache implementation is useful for development and tests, it's recommended to use Caffeine cache in production.You can switch to using Caffeine cache, by adding it and org.springframework.cache.caffeine.CaffeineCacheManager to the classpath.
2025-07-24 17:11:57.311 [main]  INFO  o.s.b.w.e.tomcat.TomcatWebServer - Tomcat started on port(s): 8082 (http) with context path ''
2025-07-24 17:11:57.511 [main]  INFO  c.e.d.DemoServiceApplication - Started DemoServiceApplication in 2.159 seconds (JVM running for 2.797)
2025-07-24 17:12:08.608 [http-nio-8082-exec-1]  INFO  o.a.c.c.C.[Tomcat].[localhost].[/] - Initializing Spring DispatcherServlet 'dispatcherServlet'
2025-07-24 17:12:08.610 [http-nio-8082-exec-1]  INFO  o.s.web.servlet.DispatcherServlet - Initializing Servlet 'dispatcherServlet'
2025-07-24 17:12:08.610 [http-nio-8082-exec-1]  INFO  o.s.web.servlet.DispatcherServlet - Completed initialization in 0 ms
2025-07-24 17:12:12.080 [http-nio-8082-exec-1]  ERROR c.e.d.aspect.AuthInterceptor - 用户信息缺失
2025-07-24 17:12:12.092 [http-nio-8082-exec-1]  ERROR o.a.c.c.C.[.[.[.[dispatcherServlet] - Servlet.service() for servlet [dispatcherServlet] in context with path [] threw exception [Request processing failed; nested exception is java.lang.RuntimeException: 用户信息缺失] with root cause
java.lang.RuntimeException: 用户信息缺失
	at com.example.demoservice.aspect.AuthInterceptor.checkPermission(AuthInterceptor.java:49)
	at sun.reflect.NativeMethodAccessorImpl.invoke0(Native Method)
	at sun.reflect.NativeMethodAccessorImpl.invoke(NativeMethodAccessorImpl.java:62)
	at sun.reflect.DelegatingMethodAccessorImpl.invoke(DelegatingMethodAccessorImpl.java:43)
	at java.lang.reflect.Method.invoke(Method.java:498)
	at org.springframework.aop.aspectj.AbstractAspectJAdvice.invokeAdviceMethodWithGivenArgs(AbstractAspectJAdvice.java:634)
	at org.springframework.aop.aspectj.AbstractAspectJAdvice.invokeAdviceMethod(AbstractAspectJAdvice.java:624)
	at org.springframework.aop.aspectj.AspectJAroundAdvice.invoke(AspectJAroundAdvice.java:72)
	at org.springframework.aop.framework.ReflectiveMethodInvocation.proceed(ReflectiveMethodInvocation.java:175)
	at org.springframework.aop.framework.CglibAopProxy$CglibMethodInvocation.proceed(CglibAopProxy.java:762)
	at org.springframework.aop.interceptor.ExposeInvocationInterceptor.invoke(ExposeInvocationInterceptor.java:97)
	at org.springframework.aop.framework.ReflectiveMethodInvocation.proceed(ReflectiveMethodInvocation.java:186)
	at org.springframework.aop.framework.CglibAopProxy$CglibMethodInvocation.proceed(CglibAopProxy.java:762)
	at org.springframework.aop.framework.CglibAopProxy$DynamicAdvisedInterceptor.intercept(CglibAopProxy.java:707)
	at com.example.demoservice.controller.DemoController$$EnhancerBySpringCGLIB$$4cf597d2.getOrder(<generated>)
	at sun.reflect.NativeMethodAccessorImpl.invoke0(Native Method)
	at sun.reflect.NativeMethodAccessorImpl.invoke(NativeMethodAccessorImpl.java:62)
	at sun.reflect.DelegatingMethodAccessorImpl.invoke(DelegatingMethodAccessorImpl.java:43)
	at java.lang.reflect.Method.invoke(Method.java:498)
	at org.springframework.web.method.support.InvocableHandlerMethod.doInvoke(InvocableHandlerMethod.java:205)
	at org.springframework.web.method.support.InvocableHandlerMethod.invokeForRequest(InvocableHandlerMethod.java:150)
	at org.springframework.web.servlet.mvc.method.annotation.ServletInvocableHandlerMethod.invokeAndHandle(ServletInvocableHandlerMethod.java:117)
	at org.springframework.web.servlet.mvc.method.annotation.RequestMappingHandlerAdapter.invokeHandlerMethod(RequestMappingHandlerAdapter.java:895)
	at org.springframework.web.servlet.mvc.method.annotation.RequestMappingHandlerAdapter.handleInternal(RequestMappingHandlerAdapter.java:808)
	at org.springframework.web.servlet.mvc.method.AbstractHandlerMethodAdapter.handle(AbstractHandlerMethodAdapter.java:87)
	at org.springframework.web.servlet.DispatcherServlet.doDispatch(DispatcherServlet.java:1072)
	at org.springframework.web.servlet.DispatcherServlet.doService(DispatcherServlet.java:965)
	at org.springframework.web.servlet.FrameworkServlet.processRequest(FrameworkServlet.java:1006)
	at org.springframework.web.servlet.FrameworkServlet.doGet(FrameworkServlet.java:898)
	at javax.servlet.http.HttpServlet.service(HttpServlet.java:529)
	at org.springframework.web.servlet.FrameworkServlet.service(FrameworkServlet.java:883)
	at javax.servlet.http.HttpServlet.service(HttpServlet.java:623)
	at org.apache.catalina.core.ApplicationFilterChain.internalDoFilter(ApplicationFilterChain.java:209)
	at org.apache.catalina.core.ApplicationFilterChain.doFilter(ApplicationFilterChain.java:153)
	at org.apache.tomcat.websocket.server.WsFilter.doFilter(WsFilter.java:51)
	at org.apache.catalina.core.ApplicationFilterChain.internalDoFilter(ApplicationFilterChain.java:178)
	at org.apache.catalina.core.ApplicationFilterChain.doFilter(ApplicationFilterChain.java:153)
	at org.springframework.web.filter.RequestContextFilter.doFilterInternal(RequestContextFilter.java:100)
	at org.springframework.web.filter.OncePerRequestFilter.doFilter(OncePerRequestFilter.java:117)
	at org.apache.catalina.core.ApplicationFilterChain.internalDoFilter(ApplicationFilterChain.java:178)
	at org.apache.catalina.core.ApplicationFilterChain.doFilter(ApplicationFilterChain.java:153)
	at org.springframework.web.filter.FormContentFilter.doFilterInternal(FormContentFilter.java:93)
	at org.springframework.web.filter.OncePerRequestFilter.doFilter(OncePerRequestFilter.java:117)
	at org.apache.catalina.core.ApplicationFilterChain.internalDoFilter(ApplicationFilterChain.java:178)
	at org.apache.catalina.core.ApplicationFilterChain.doFilter(ApplicationFilterChain.java:153)
	at org.springframework.web.filter.CharacterEncodingFilter.doFilterInternal(CharacterEncodingFilter.java:201)
	at org.springframework.web.filter.OncePerRequestFilter.doFilter(OncePerRequestFilter.java:117)
	at org.apache.catalina.core.ApplicationFilterChain.internalDoFilter(ApplicationFilterChain.java:178)
	at org.apache.catalina.core.ApplicationFilterChain.doFilter(ApplicationFilterChain.java:153)
	at org.apache.catalina.core.StandardWrapperValve.invoke(StandardWrapperValve.java:168)
	at org.apache.catalina.core.StandardContextValve.invoke(StandardContextValve.java:90)
	at org.apache.catalina.authenticator.AuthenticatorBase.invoke(AuthenticatorBase.java:481)
	at org.apache.catalina.core.StandardHostValve.invoke(StandardHostValve.java:130)
	at org.apache.catalina.valves.ErrorReportValve.invoke(ErrorReportValve.java:93)
	at org.apache.catalina.core.StandardEngineValve.invoke(StandardEngineValve.java:74)
	at org.apache.catalina.connector.CoyoteAdapter.service(CoyoteAdapter.java:342)
	at org.apache.coyote.http11.Http11Processor.service(Http11Processor.java:390)
	at org.apache.coyote.AbstractProcessorLight.process(AbstractProcessorLight.java:63)
	at org.apache.coyote.AbstractProtocol$ConnectionHandler.process(AbstractProtocol.java:928)
	at org.apache.tomcat.util.net.NioEndpoint$SocketProcessor.doRun(NioEndpoint.java:1794)
	at org.apache.tomcat.util.net.SocketProcessorBase.run(SocketProcessorBase.java:52)
	at org.apache.tomcat.util.threads.ThreadPoolExecutor.runWorker(ThreadPoolExecutor.java:1191)
	at org.apache.tomcat.util.threads.ThreadPoolExecutor$Worker.run(ThreadPoolExecutor.java:659)
	at org.apache.tomcat.util.threads.TaskThread$WrappingRunnable.run(TaskThread.java:61)
	at java.lang.Thread.run(Thread.java:750)
2025-07-24 17:22:38.764 [http-nio-8082-exec-2]  ERROR c.e.d.aspect.AuthInterceptor - 用户信息缺失
2025-07-24 17:22:38.766 [http-nio-8082-exec-2]  ERROR o.a.c.c.C.[.[.[.[dispatcherServlet] - Servlet.service() for servlet [dispatcherServlet] in context with path [] threw exception [Request processing failed; nested exception is java.lang.RuntimeException: 用户信息缺失] with root cause
java.lang.RuntimeException: 用户信息缺失
	at com.example.demoservice.aspect.AuthInterceptor.checkPermission(AuthInterceptor.java:49)
	at sun.reflect.NativeMethodAccessorImpl.invoke0(Native Method)
	at sun.reflect.NativeMethodAccessorImpl.invoke(NativeMethodAccessorImpl.java:62)
	at sun.reflect.DelegatingMethodAccessorImpl.invoke(DelegatingMethodAccessorImpl.java:43)
	at java.lang.reflect.Method.invoke(Method.java:498)
	at org.springframework.aop.aspectj.AbstractAspectJAdvice.invokeAdviceMethodWithGivenArgs(AbstractAspectJAdvice.java:634)
	at org.springframework.aop.aspectj.AbstractAspectJAdvice.invokeAdviceMethod(AbstractAspectJAdvice.java:624)
	at org.springframework.aop.aspectj.AspectJAroundAdvice.invoke(AspectJAroundAdvice.java:72)
	at org.springframework.aop.framework.ReflectiveMethodInvocation.proceed(ReflectiveMethodInvocation.java:175)
	at org.springframework.aop.framework.CglibAopProxy$CglibMethodInvocation.proceed(CglibAopProxy.java:762)
	at org.springframework.aop.interceptor.ExposeInvocationInterceptor.invoke(ExposeInvocationInterceptor.java:97)
	at org.springframework.aop.framework.ReflectiveMethodInvocation.proceed(ReflectiveMethodInvocation.java:186)
	at org.springframework.aop.framework.CglibAopProxy$CglibMethodInvocation.proceed(CglibAopProxy.java:762)
	at org.springframework.aop.framework.CglibAopProxy$DynamicAdvisedInterceptor.intercept(CglibAopProxy.java:707)
	at com.example.demoservice.controller.DemoController$$EnhancerBySpringCGLIB$$4cf597d2.getOrder(<generated>)
	at sun.reflect.NativeMethodAccessorImpl.invoke0(Native Method)
	at sun.reflect.NativeMethodAccessorImpl.invoke(NativeMethodAccessorImpl.java:62)
	at sun.reflect.DelegatingMethodAccessorImpl.invoke(DelegatingMethodAccessorImpl.java:43)
	at java.lang.reflect.Method.invoke(Method.java:498)
	at org.springframework.web.method.support.InvocableHandlerMethod.doInvoke(InvocableHandlerMethod.java:205)
	at org.springframework.web.method.support.InvocableHandlerMethod.invokeForRequest(InvocableHandlerMethod.java:150)
	at org.springframework.web.servlet.mvc.method.annotation.ServletInvocableHandlerMethod.invokeAndHandle(ServletInvocableHandlerMethod.java:117)
	at org.springframework.web.servlet.mvc.method.annotation.RequestMappingHandlerAdapter.invokeHandlerMethod(RequestMappingHandlerAdapter.java:895)
	at org.springframework.web.servlet.mvc.method.annotation.RequestMappingHandlerAdapter.handleInternal(RequestMappingHandlerAdapter.java:808)
	at org.springframework.web.servlet.mvc.method.AbstractHandlerMethodAdapter.handle(AbstractHandlerMethodAdapter.java:87)
	at org.springframework.web.servlet.DispatcherServlet.doDispatch(DispatcherServlet.java:1072)
	at org.springframework.web.servlet.DispatcherServlet.doService(DispatcherServlet.java:965)
	at org.springframework.web.servlet.FrameworkServlet.processRequest(FrameworkServlet.java:1006)
	at org.springframework.web.servlet.FrameworkServlet.doGet(FrameworkServlet.java:898)
	at javax.servlet.http.HttpServlet.service(HttpServlet.java:529)
	at org.springframework.web.servlet.FrameworkServlet.service(FrameworkServlet.java:883)
	at javax.servlet.http.HttpServlet.service(HttpServlet.java:623)
	at org.apache.catalina.core.ApplicationFilterChain.internalDoFilter(ApplicationFilterChain.java:209)
	at org.apache.catalina.core.ApplicationFilterChain.doFilter(ApplicationFilterChain.java:153)
	at org.apache.tomcat.websocket.server.WsFilter.doFilter(WsFilter.java:51)
	at org.apache.catalina.core.ApplicationFilterChain.internalDoFilter(ApplicationFilterChain.java:178)
	at org.apache.catalina.core.ApplicationFilterChain.doFilter(ApplicationFilterChain.java:153)
	at org.springframework.web.filter.RequestContextFilter.doFilterInternal(RequestContextFilter.java:100)
	at org.springframework.web.filter.OncePerRequestFilter.doFilter(OncePerRequestFilter.java:117)
	at org.apache.catalina.core.ApplicationFilterChain.internalDoFilter(ApplicationFilterChain.java:178)
	at org.apache.catalina.core.ApplicationFilterChain.doFilter(ApplicationFilterChain.java:153)
	at org.springframework.web.filter.FormContentFilter.doFilterInternal(FormContentFilter.java:93)
	at org.springframework.web.filter.OncePerRequestFilter.doFilter(OncePerRequestFilter.java:117)
	at org.apache.catalina.core.ApplicationFilterChain.internalDoFilter(ApplicationFilterChain.java:178)
	at org.apache.catalina.core.ApplicationFilterChain.doFilter(ApplicationFilterChain.java:153)
	at org.springframework.web.filter.CharacterEncodingFilter.doFilterInternal(CharacterEncodingFilter.java:201)
	at org.springframework.web.filter.OncePerRequestFilter.doFilter(OncePerRequestFilter.java:117)
	at org.apache.catalina.core.ApplicationFilterChain.internalDoFilter(ApplicationFilterChain.java:178)
	at org.apache.catalina.core.ApplicationFilterChain.doFilter(ApplicationFilterChain.java:153)
	at org.apache.catalina.core.StandardWrapperValve.invoke(StandardWrapperValve.java:168)
	at org.apache.catalina.core.StandardContextValve.invoke(StandardContextValve.java:90)
	at org.apache.catalina.authenticator.AuthenticatorBase.invoke(AuthenticatorBase.java:481)
	at org.apache.catalina.core.StandardHostValve.invoke(StandardHostValve.java:130)
	at org.apache.catalina.valves.ErrorReportValve.invoke(ErrorReportValve.java:93)
	at org.apache.catalina.core.StandardEngineValve.invoke(StandardEngineValve.java:74)
	at org.apache.catalina.connector.CoyoteAdapter.service(CoyoteAdapter.java:342)
	at org.apache.coyote.http11.Http11Processor.service(Http11Processor.java:390)
	at org.apache.coyote.AbstractProcessorLight.process(AbstractProcessorLight.java:63)
	at org.apache.coyote.AbstractProtocol$ConnectionHandler.process(AbstractProtocol.java:928)
	at org.apache.tomcat.util.net.NioEndpoint$SocketProcessor.doRun(NioEndpoint.java:1794)
	at org.apache.tomcat.util.net.SocketProcessorBase.run(SocketProcessorBase.java:52)
	at org.apache.tomcat.util.threads.ThreadPoolExecutor.runWorker(ThreadPoolExecutor.java:1191)
	at org.apache.tomcat.util.threads.ThreadPoolExecutor$Worker.run(ThreadPoolExecutor.java:659)
	at org.apache.tomcat.util.threads.TaskThread$WrappingRunnable.run(TaskThread.java:61)
	at java.lang.Thread.run(Thread.java:750)
2025-07-24 17:34:04.962 [main]  INFO  c.e.d.DemoServiceApplication - Starting DemoServiceApplication using Java 1.8.0_391 on wuka-pc with PID 23000 (E:\javaWorkspace\boot-modules\demo-service\target\classes started by wuka in E:\javaWorkspace\boot-modules)
2025-07-24 17:34:04.964 [main]  INFO  c.e.d.DemoServiceApplication - No active profile set, falling back to 1 default profile: "default"
2025-07-24 17:34:05.387 [main]  INFO  o.s.cloud.context.scope.GenericScope - BeanFactory id=d3c00189-5178-36dc-8815-1169a59eb7c9
2025-07-24 17:34:05.610 [main]  INFO  o.s.b.w.e.tomcat.TomcatWebServer - Tomcat initialized with port(s): 8082 (http)
2025-07-24 17:34:05.624 [main]  INFO  o.a.catalina.core.StandardService - Starting service [Tomcat]
2025-07-24 17:34:05.624 [main]  INFO  o.a.catalina.core.StandardEngine - Starting Servlet engine: [Apache Tomcat/9.0.82]
2025-07-24 17:34:05.719 [main]  INFO  o.a.c.c.C.[Tomcat].[localhost].[/] - Initializing Spring embedded WebApplicationContext
2025-07-24 17:34:05.719 [main]  INFO  o.s.b.w.s.c.ServletWebServerApplicationContext - Root WebApplicationContext: initialization completed in 704 ms
2025-07-24 17:34:06.002 [main]  INFO  o.s.b.a.w.s.WelcomePageHandlerMapping - Adding welcome page: class path resource [static/index.html]
2025-07-24 17:34:06.267 [main]  WARN  o.s.c.l.c.LoadBalancerCacheAutoConfiguration$LoadBalancerCaffeineWarnLogger - Spring Cloud LoadBalancer is currently working with the default cache. While this cache implementation is useful for development and tests, it's recommended to use Caffeine cache in production.You can switch to using Caffeine cache, by adding it and org.springframework.cache.caffeine.CaffeineCacheManager to the classpath.
2025-07-24 17:34:06.310 [main]  INFO  o.s.b.w.e.tomcat.TomcatWebServer - Tomcat started on port(s): 8082 (http) with context path ''
2025-07-24 17:34:06.497 [main]  INFO  c.e.d.DemoServiceApplication - Started DemoServiceApplication in 2.09 seconds (JVM running for 2.824)
2025-07-24 17:35:20.984 [http-nio-8082-exec-1]  INFO  o.a.c.c.C.[Tomcat].[localhost].[/] - Initializing Spring DispatcherServlet 'dispatcherServlet'
2025-07-24 17:35:20.985 [http-nio-8082-exec-1]  INFO  o.s.web.servlet.DispatcherServlet - Initializing Servlet 'dispatcherServlet'
2025-07-24 17:35:20.985 [http-nio-8082-exec-1]  INFO  o.s.web.servlet.DispatcherServlet - Completed initialization in 0 ms
2025-07-24 17:52:36.015 [main]  INFO  c.e.d.DemoServiceApplication - Starting DemoServiceApplication using Java 1.8.0_391 on wuka-pc with PID 19368 (E:\javaWorkspace\boot-modules\demo-service\target\classes started by wuka in E:\javaWorkspace\boot-modules)
2025-07-24 17:52:36.017 [main]  INFO  c.e.d.DemoServiceApplication - No active profile set, falling back to 1 default profile: "default"
2025-07-24 17:52:36.483 [main]  INFO  o.s.cloud.context.scope.GenericScope - BeanFactory id=d3c00189-5178-36dc-8815-1169a59eb7c9
2025-07-24 17:52:36.727 [main]  INFO  o.s.b.w.e.tomcat.TomcatWebServer - Tomcat initialized with port(s): 8082 (http)
2025-07-24 17:52:36.733 [main]  INFO  o.a.catalina.core.StandardService - Starting service [Tomcat]
2025-07-24 17:52:36.733 [main]  INFO  o.a.catalina.core.StandardEngine - Starting Servlet engine: [Apache Tomcat/9.0.82]
2025-07-24 17:52:36.840 [main]  INFO  o.a.c.c.C.[Tomcat].[localhost].[/] - Initializing Spring embedded WebApplicationContext
2025-07-24 17:52:36.840 [main]  INFO  o.s.b.w.s.c.ServletWebServerApplicationContext - Root WebApplicationContext: initialization completed in 792 ms
2025-07-24 17:52:37.131 [main]  INFO  o.s.b.a.w.s.WelcomePageHandlerMapping - Adding welcome page: class path resource [static/index.html]
2025-07-24 17:52:37.409 [main]  WARN  o.s.c.l.c.LoadBalancerCacheAutoConfiguration$LoadBalancerCaffeineWarnLogger - Spring Cloud LoadBalancer is currently working with the default cache. While this cache implementation is useful for development and tests, it's recommended to use Caffeine cache in production.You can switch to using Caffeine cache, by adding it and org.springframework.cache.caffeine.CaffeineCacheManager to the classpath.
2025-07-24 17:52:37.458 [main]  INFO  o.s.b.w.e.tomcat.TomcatWebServer - Tomcat started on port(s): 8082 (http) with context path ''
2025-07-24 17:52:37.645 [main]  INFO  c.e.d.DemoServiceApplication - Started DemoServiceApplication in 2.226 seconds (JVM running for 2.752)
2025-07-24 17:52:46.563 [http-nio-8082-exec-3]  INFO  o.a.c.c.C.[Tomcat].[localhost].[/] - Initializing Spring DispatcherServlet 'dispatcherServlet'
2025-07-24 17:52:46.563 [http-nio-8082-exec-3]  INFO  o.s.web.servlet.DispatcherServlet - Initializing Servlet 'dispatcherServlet'
2025-07-24 17:52:46.564 [http-nio-8082-exec-3]  INFO  o.s.web.servlet.DispatcherServlet - Completed initialization in 1 ms
2025-07-24 17:52:46.583 [http-nio-8082-exec-3]  WARN  o.s.w.s.m.s.DefaultHandlerExceptionResolver - Resolved [org.springframework.web.bind.MissingServletRequestParameterException: Required request parameter 'userID' for method parameter type String is not present]
2025-07-24 17:55:22.732 [main]  INFO  c.e.d.DemoServiceApplication - Starting DemoServiceApplication using Java 1.8.0_391 on wuka-pc with PID 22516 (E:\javaWorkspace\boot-modules\demo-service\target\classes started by wuka in E:\javaWorkspace\boot-modules)
2025-07-24 17:55:22.734 [main]  INFO  c.e.d.DemoServiceApplication - No active profile set, falling back to 1 default profile: "default"
2025-07-24 17:55:23.150 [main]  INFO  o.s.cloud.context.scope.GenericScope - BeanFactory id=d3c00189-5178-36dc-8815-1169a59eb7c9
2025-07-24 17:55:23.381 [main]  INFO  o.s.b.w.e.tomcat.TomcatWebServer - Tomcat initialized with port(s): 8082 (http)
2025-07-24 17:55:23.393 [main]  INFO  o.a.catalina.core.StandardService - Starting service [Tomcat]
2025-07-24 17:55:23.394 [main]  INFO  o.a.catalina.core.StandardEngine - Starting Servlet engine: [Apache Tomcat/9.0.82]
2025-07-24 17:55:23.491 [main]  INFO  o.a.c.c.C.[Tomcat].[localhost].[/] - Initializing Spring embedded WebApplicationContext
2025-07-24 17:55:23.492 [main]  INFO  o.s.b.w.s.c.ServletWebServerApplicationContext - Root WebApplicationContext: initialization completed in 706 ms
2025-07-24 17:55:23.787 [main]  INFO  o.s.b.a.w.s.WelcomePageHandlerMapping - Adding welcome page: class path resource [static/index.html]
2025-07-24 17:55:24.056 [main]  WARN  o.s.c.l.c.LoadBalancerCacheAutoConfiguration$LoadBalancerCaffeineWarnLogger - Spring Cloud LoadBalancer is currently working with the default cache. While this cache implementation is useful for development and tests, it's recommended to use Caffeine cache in production.You can switch to using Caffeine cache, by adding it and org.springframework.cache.caffeine.CaffeineCacheManager to the classpath.
2025-07-24 17:55:24.101 [main]  INFO  o.s.b.w.e.tomcat.TomcatWebServer - Tomcat started on port(s): 8082 (http) with context path ''
2025-07-24 17:55:24.290 [main]  INFO  c.e.d.DemoServiceApplication - Started DemoServiceApplication in 2.072 seconds (JVM running for 2.729)
2025-07-24 17:55:27.350 [http-nio-8082-exec-2]  INFO  o.a.c.c.C.[Tomcat].[localhost].[/] - Initializing Spring DispatcherServlet 'dispatcherServlet'
2025-07-24 17:55:27.350 [http-nio-8082-exec-2]  INFO  o.s.web.servlet.DispatcherServlet - Initializing Servlet 'dispatcherServlet'
2025-07-24 17:55:27.351 [http-nio-8082-exec-2]  INFO  o.s.web.servlet.DispatcherServlet - Completed initialization in 1 ms
2025-07-24 17:55:27.368 [http-nio-8082-exec-2]  WARN  o.s.w.s.m.s.DefaultHandlerExceptionResolver - Resolved [org.springframework.web.bind.MissingServletRequestParameterException: Required request parameter 'userId' for method parameter type String is not present]
2025-07-24 17:58:26.942 [main]  INFO  c.e.d.DemoServiceApplication - Starting DemoServiceApplication using Java 1.8.0_391 on wuka-pc with PID 21088 (E:\javaWorkspace\boot-modules\demo-service\target\classes started by wuka in E:\javaWorkspace\boot-modules)
2025-07-24 17:58:26.944 [main]  INFO  c.e.d.DemoServiceApplication - No active profile set, falling back to 1 default profile: "default"
2025-07-24 17:58:27.393 [main]  INFO  o.s.cloud.context.scope.GenericScope - BeanFactory id=d3c00189-5178-36dc-8815-1169a59eb7c9
2025-07-24 17:58:27.658 [main]  INFO  o.s.b.w.e.tomcat.TomcatWebServer - Tomcat initialized with port(s): 8082 (http)
2025-07-24 17:58:27.663 [main]  INFO  o.a.catalina.core.StandardService - Starting service [Tomcat]
2025-07-24 17:58:27.663 [main]  INFO  o.a.catalina.core.StandardEngine - Starting Servlet engine: [Apache Tomcat/9.0.82]
2025-07-24 17:58:27.766 [main]  INFO  o.a.c.c.C.[Tomcat].[localhost].[/] - Initializing Spring embedded WebApplicationContext
2025-07-24 17:58:27.766 [main]  INFO  o.s.b.w.s.c.ServletWebServerApplicationContext - Root WebApplicationContext: initialization completed in 787 ms
2025-07-24 17:58:28.080 [main]  INFO  o.s.b.a.w.s.WelcomePageHandlerMapping - Adding welcome page: class path resource [static/index.html]
2025-07-24 17:58:28.382 [main]  WARN  o.s.c.l.c.LoadBalancerCacheAutoConfiguration$LoadBalancerCaffeineWarnLogger - Spring Cloud LoadBalancer is currently working with the default cache. While this cache implementation is useful for development and tests, it's recommended to use Caffeine cache in production.You can switch to using Caffeine cache, by adding it and org.springframework.cache.caffeine.CaffeineCacheManager to the classpath.
2025-07-24 17:58:28.429 [main]  INFO  o.s.b.w.e.tomcat.TomcatWebServer - Tomcat started on port(s): 8082 (http) with context path ''
2025-07-24 17:58:28.634 [main]  INFO  c.e.d.DemoServiceApplication - Started DemoServiceApplication in 2.225 seconds (JVM running for 2.732)
